{"/Users/carlos.mengel/Documents/concepts/mrcarromesa/jsexpert/modulo07/behavioral/02.observer/src/events/payment.js": {"path":"/Users/carlos.mengel/Documents/concepts/mrcarromesa/jsexpert/modulo07/behavioral/02.observer/src/events/payment.js","all":false,"statementMap":{"0":{"start":{"line":1,"column":0},"end":{"line":1,"column":30}},"1":{"start":{"line":2,"column":0},"end":{"line":2,"column":0}},"2":{"start":{"line":3,"column":0},"end":{"line":3,"column":31}},"3":{"start":{"line":4,"column":0},"end":{"line":4,"column":40}},"4":{"start":{"line":5,"column":0},"end":{"line":5,"column":3}},"5":{"start":{"line":6,"column":0},"end":{"line":6,"column":0}},"6":{"start":{"line":7,"column":0},"end":{"line":7,"column":27}},"7":{"start":{"line":8,"column":0},"end":{"line":8,"column":67}},"8":{"start":{"line":9,"column":0},"end":{"line":9,"column":2}},"9":{"start":{"line":10,"column":0},"end":{"line":10,"column":43}},"10":{"start":{"line":11,"column":0},"end":{"line":11,"column":3}},"11":{"start":{"line":12,"column":0},"end":{"line":12,"column":1}}},"s":{"0":1,"1":2,"2":2,"3":2,"4":2,"5":2,"6":2,"7":1,"8":1,"9":1,"10":1,"11":1},"branchMap":{"0":{"type":"branch","line":1,"loc":{"start":{"line":1,"column":0},"end":{"line":1,"column":21}},"locations":[{"start":{"line":1,"column":0},"end":{"line":1,"column":21}}]},"1":{"type":"branch","line":1,"loc":{"start":{"line":1,"column":21},"end":{"line":8,"column":44}},"locations":[{"start":{"line":1,"column":21},"end":{"line":8,"column":44}}]}},"b":{"0":[2],"1":[2]},"fnMap":{"0":{"name":"Payment","decl":{"start":{"line":1,"column":0},"end":{"line":1,"column":21}},"loc":{"start":{"line":1,"column":0},"end":{"line":1,"column":21}},"line":1},"1":{"name":"creditCard","decl":{"start":{"line":1,"column":21},"end":{"line":8,"column":44}},"loc":{"start":{"line":1,"column":21},"end":{"line":8,"column":44}},"line":1}},"f":{"0":2,"1":2}}
,"/Users/carlos.mengel/Documents/concepts/mrcarromesa/jsexpert/modulo07/behavioral/02.observer/src/observers/marketing.js": {"path":"/Users/carlos.mengel/Documents/concepts/mrcarromesa/jsexpert/modulo07/behavioral/02.observer/src/observers/marketing.js","all":false,"statementMap":{"0":{"start":{"line":1,"column":0},"end":{"line":1,"column":32}},"1":{"start":{"line":2,"column":0},"end":{"line":2,"column":28}},"2":{"start":{"line":3,"column":0},"end":{"line":3,"column":91}},"3":{"start":{"line":4,"column":0},"end":{"line":4,"column":94}},"4":{"start":{"line":5,"column":0},"end":{"line":5,"column":30}},"5":{"start":{"line":6,"column":0},"end":{"line":6,"column":83}},"6":{"start":{"line":7,"column":0},"end":{"line":7,"column":3}},"7":{"start":{"line":8,"column":0},"end":{"line":8,"column":1}}},"s":{"0":1,"1":1,"2":1,"3":1,"4":1,"5":1,"6":1,"7":1},"branchMap":{"0":{"type":"branch","line":1,"loc":{"start":{"line":1,"column":0},"end":{"line":5,"column":30}},"locations":[{"start":{"line":1,"column":0},"end":{"line":5,"column":30}}]}},"b":{"0":[1]},"fnMap":{"0":{"name":"update","decl":{"start":{"line":1,"column":0},"end":{"line":5,"column":30}},"loc":{"start":{"line":1,"column":0},"end":{"line":5,"column":30}},"line":1}},"f":{"0":1}}
,"/Users/carlos.mengel/Documents/concepts/mrcarromesa/jsexpert/modulo07/behavioral/02.observer/src/observers/shipment.js": {"path":"/Users/carlos.mengel/Documents/concepts/mrcarromesa/jsexpert/modulo07/behavioral/02.observer/src/observers/shipment.js","all":false,"statementMap":{"0":{"start":{"line":1,"column":0},"end":{"line":1,"column":31}},"1":{"start":{"line":2,"column":0},"end":{"line":2,"column":28}},"2":{"start":{"line":3,"column":0},"end":{"line":3,"column":82}},"3":{"start":{"line":4,"column":0},"end":{"line":4,"column":3}},"4":{"start":{"line":5,"column":0},"end":{"line":5,"column":1}}},"s":{"0":1,"1":1,"2":1,"3":1,"4":1},"branchMap":{"0":{"type":"branch","line":1,"loc":{"start":{"line":1,"column":0},"end":{"line":2,"column":27}},"locations":[{"start":{"line":1,"column":0},"end":{"line":2,"column":27}}]}},"b":{"0":[1]},"fnMap":{"0":{"name":"update","decl":{"start":{"line":1,"column":0},"end":{"line":2,"column":27}},"loc":{"start":{"line":1,"column":0},"end":{"line":2,"column":27}},"line":1}},"f":{"0":1}}
,"/Users/carlos.mengel/Documents/concepts/mrcarromesa/jsexpert/modulo07/behavioral/02.observer/src/subjects/paymentSubject.js": {"path":"/Users/carlos.mengel/Documents/concepts/mrcarromesa/jsexpert/modulo07/behavioral/02.observer/src/subjects/paymentSubject.js","all":false,"statementMap":{"0":{"start":{"line":1,"column":0},"end":{"line":1,"column":37}},"1":{"start":{"line":2,"column":0},"end":{"line":2,"column":24}},"2":{"start":{"line":3,"column":0},"end":{"line":3,"column":16}},"3":{"start":{"line":4,"column":0},"end":{"line":4,"column":62}},"4":{"start":{"line":5,"column":0},"end":{"line":5,"column":3}},"5":{"start":{"line":6,"column":0},"end":{"line":6,"column":0}},"6":{"start":{"line":7,"column":0},"end":{"line":7,"column":27}},"7":{"start":{"line":8,"column":0},"end":{"line":8,"column":38}},"8":{"start":{"line":9,"column":0},"end":{"line":9,"column":3}},"9":{"start":{"line":10,"column":0},"end":{"line":10,"column":0}},"10":{"start":{"line":11,"column":0},"end":{"line":11,"column":25}},"11":{"start":{"line":12,"column":0},"end":{"line":12,"column":35}},"12":{"start":{"line":13,"column":0},"end":{"line":13,"column":3}},"13":{"start":{"line":14,"column":0},"end":{"line":14,"column":1}}},"s":{"0":4,"1":4,"2":1,"3":4,"4":4,"5":4,"6":4,"7":1,"8":1,"9":1,"10":1,"11":1,"12":1,"13":1},"branchMap":{"0":{"type":"branch","line":1,"loc":{"start":{"line":1,"column":0},"end":{"line":8,"column":26}},"locations":[{"start":{"line":1,"column":0},"end":{"line":8,"column":26}}]},"1":{"type":"branch","line":1,"loc":{"start":{"line":1,"column":0},"end":{"line":2,"column":22}},"locations":[{"start":{"line":1,"column":0},"end":{"line":2,"column":22}}]},"2":{"type":"branch","line":1,"loc":{"start":{"line":1,"column":15},"end":{"line":2,"column":15}},"locations":[{"start":{"line":1,"column":15},"end":{"line":2,"column":15}}]},"3":{"type":"branch","line":3,"loc":{"start":{"line":3,"column":-1},"end":{"line":4,"column":55}},"locations":[{"start":{"line":3,"column":-1},"end":{"line":4,"column":55}}]},"4":{"type":"branch","line":4,"loc":{"start":{"line":4,"column":49},"end":{"line":8,"column":26}},"locations":[{"start":{"line":4,"column":49},"end":{"line":8,"column":26}}]}},"b":{"0":[4],"1":[4],"2":[3],"3":[1],"4":[4]},"fnMap":{"0":{"name":"<instance_members_initializer>","decl":{"start":{"line":1,"column":0},"end":{"line":8,"column":26}},"loc":{"start":{"line":1,"column":0},"end":{"line":8,"column":26}},"line":1},"1":{"name":"notify","decl":{"start":{"line":1,"column":0},"end":{"line":2,"column":22}},"loc":{"start":{"line":1,"column":0},"end":{"line":2,"column":22}},"line":1},"2":{"name":"unsubscribe","decl":{"start":{"line":3,"column":-1},"end":{"line":4,"column":55}},"loc":{"start":{"line":3,"column":-1},"end":{"line":4,"column":55}},"line":3},"3":{"name":"subscribe","decl":{"start":{"line":4,"column":49},"end":{"line":8,"column":26}},"loc":{"start":{"line":4,"column":49},"end":{"line":8,"column":26}},"line":4}},"f":{"0":4,"1":4,"2":1,"3":4}}
}
