TN:
SF:src/createFiles.js
FN:4,defaultDependencies
FN:15,executeWrites
FN:25,createFiles
FNF:3
FNH:3
FNDA:6,defaultDependencies
FNDA:3,executeWrites
FNDA:4,createFiles
DA:1,1
DA:2,1
DA:3,1
DA:4,1
DA:5,6
DA:6,6
DA:7,6
DA:8,6
DA:9,6
DA:10,6
DA:11,6
DA:12,6
DA:13,6
DA:14,6
DA:15,1
DA:16,3
DA:17,3
DA:18,3
DA:19,3
DA:20,3
DA:21,3
DA:22,3
DA:23,6
DA:24,6
DA:25,1
DA:26,4
DA:27,4
DA:28,4
DA:29,4
DA:30,7
DA:31,7
DA:32,7
DA:33,7
DA:34,1
DA:35,7
DA:36,6
DA:37,6
DA:38,6
DA:39,6
DA:40,6
DA:41,6
DA:42,6
DA:43,6
DA:44,6
DA:45,4
DA:46,1
DA:47,1
DA:48,1
DA:49,1
DA:50,1
DA:51,1
DA:52,1
LF:52
LH:52
BRDA:4,0,0,6
BRDA:15,1,0,3
BRDA:23,2,0,6
BRDA:25,3,0,4
BRDA:29,4,0,7
BRDA:33,5,0,1
BRDA:35,6,0,6
BRDA:45,7,0,3
BRDA:30,8,0,13
BRF:9
BRH:9
end_of_record
TN:
SF:src/createLayers.js
FN:1,createLayerIfNotExists
FNF:1
FNH:1
FNDA:2,createLayerIfNotExists
DA:1,2
DA:2,2
DA:3,2
DA:4,2
DA:5,2
DA:6,2
DA:7,2
DA:8,3
DA:9,1
DA:10,1
DA:11,1
DA:12,1
LF:12
LH:12
BRDA:1,0,0,2
BRDA:6,1,0,6
BRDA:7,2,0,3
BRF:3
BRH:3
end_of_record
TN:
SF:src/util.js
FN:1,#transform
FN:6,upperCaseFirstLetter
FN:11,lowerCaseFirstLetter
FNF:3
FNH:3
FNDA:24,#transform
FNDA:10,upperCaseFirstLetter
FNDA:14,lowerCaseFirstLetter
DA:1,24
DA:2,24
DA:3,24
DA:4,24
DA:5,24
DA:6,1
DA:7,10
DA:8,10
DA:9,10
DA:10,1
DA:11,1
DA:12,14
DA:13,14
DA:14,14
DA:15,1
DA:16,1
DA:17,1
DA:18,1
LF:18
LH:18
BRDA:1,0,0,24
BRDA:3,1,0,22
BRDA:3,2,0,5
BRDA:3,3,0,19
BRDA:3,4,0,9
BRDA:3,5,0,10
BRDA:6,6,0,10
BRDA:11,7,0,14
BRF:8
BRH:8
end_of_record
TN:
SF:src/templates/factoryTemplate.js
FN:17,factoryTemplate
FNF:1
FNH:1
FNDA:1,factoryTemplate
DA:1,1
DA:2,1
DA:3,1
DA:4,1
DA:5,1
DA:6,1
DA:7,1
DA:8,1
DA:9,1
DA:10,1
DA:11,1
DA:12,1
DA:13,1
DA:14,1
DA:15,1
DA:16,1
DA:17,1
DA:18,1
DA:19,1
DA:20,1
DA:21,1
DA:22,1
DA:23,1
DA:24,1
DA:25,1
DA:26,1
DA:27,1
DA:28,1
DA:29,1
DA:30,1
DA:31,1
DA:32,1
DA:33,1
DA:34,1
DA:35,1
DA:36,1
DA:37,1
LF:37
LH:37
BRDA:17,0,0,1
BRF:1
BRH:1
end_of_record
TN:
SF:src/templates/index.js
FNF:0
FNH:0
DA:1,1
DA:2,1
DA:3,1
DA:4,1
DA:5,1
DA:6,1
DA:7,1
DA:8,1
DA:9,1
LF:9
LH:9
BRF:0
BRH:0
end_of_record
TN:
SF:src/templates/repositoryTemplate.js
FN:18,repositoryTemplate
FNF:1
FNH:1
FNDA:3,repositoryTemplate
DA:1,1
DA:2,1
DA:3,1
DA:4,1
DA:5,1
DA:6,1
DA:7,1
DA:8,1
DA:9,1
DA:10,1
DA:11,1
DA:12,1
DA:13,1
DA:14,1
DA:15,1
DA:16,1
DA:17,1
DA:18,3
DA:19,3
DA:20,3
DA:21,3
DA:22,3
DA:23,3
DA:24,3
DA:25,3
DA:26,3
DA:27,3
DA:28,1
DA:29,1
DA:30,1
LF:30
LH:30
BRDA:18,0,0,3
BRF:1
BRH:1
end_of_record
TN:
SF:src/templates/serviceTemplate.js
FN:22,serviceTemplate
FNF:1
FNH:1
FNDA:2,serviceTemplate
DA:1,1
DA:2,1
DA:3,1
DA:4,1
DA:5,1
DA:6,1
DA:7,1
DA:8,1
DA:9,1
DA:10,1
DA:11,1
DA:12,1
DA:13,1
DA:14,1
DA:15,1
DA:16,1
DA:17,1
DA:18,1
DA:19,1
DA:20,1
DA:21,1
DA:22,2
DA:23,2
DA:24,2
DA:25,2
DA:26,2
DA:27,2
DA:28,2
DA:29,2
DA:30,2
DA:31,2
DA:32,2
DA:33,2
DA:34,2
DA:35,1
DA:36,1
DA:37,1
DA:38,1
DA:39,1
DA:40,1
DA:41,1
DA:42,1
LF:42
LH:42
BRDA:22,0,0,2
BRF:1
BRH:1
end_of_record
