TN:
SF:src/createFiles.js
FN:4,defaultDependencies
FN:15,executeWrites
FN:25,createFiles
FNF:3
FNH:3
FNDA:12,defaultDependencies
FNDA:6,executeWrites
FNDA:7,createFiles
DA:1,1
DA:2,1
DA:3,1
DA:4,1
DA:5,12
DA:6,12
DA:7,12
DA:8,12
DA:9,12
DA:10,12
DA:11,12
DA:12,12
DA:13,12
DA:14,12
DA:15,1
DA:16,6
DA:17,6
DA:18,6
DA:19,6
DA:20,6
DA:21,6
DA:22,6
DA:23,12
DA:24,12
DA:25,1
DA:26,7
DA:27,7
DA:28,7
DA:29,7
DA:30,13
DA:31,13
DA:32,13
DA:33,13
DA:34,1
DA:35,13
DA:36,12
DA:37,12
DA:38,12
DA:39,12
DA:40,12
DA:41,12
DA:42,12
DA:43,12
DA:44,12
DA:45,7
DA:46,1
DA:47,1
DA:48,1
DA:49,1
DA:50,1
DA:51,1
DA:52,1
LF:52
LH:52
BRDA:4,0,0,12
BRDA:15,1,0,6
BRDA:23,2,0,12
BRDA:25,3,0,7
BRDA:29,4,0,13
BRDA:33,5,0,1
BRDA:35,6,0,12
BRDA:45,7,0,6
BRDA:30,8,0,23
BRF:9
BRH:9
end_of_record
TN:
SF:src/createLayers.js
FN:1,createLayerIfNotExists
FNF:1
FNH:1
FNDA:5,createLayerIfNotExists
DA:1,5
DA:2,5
DA:3,5
DA:4,5
DA:5,5
DA:6,5
DA:7,5
DA:8,12
DA:9,1
DA:10,1
DA:11,1
DA:12,1
LF:12
LH:12
BRDA:1,0,0,5
BRDA:6,1,0,15
BRDA:7,2,0,12
BRF:3
BRH:3
end_of_record
TN:
SF:src/util.js
FN:1,#transform
FN:6,upperCaseFirstLetter
FN:11,lowerCaseFirstLetter
FNF:3
FNH:3
FNDA:50,#transform
FNDA:24,upperCaseFirstLetter
FNDA:26,lowerCaseFirstLetter
DA:1,50
DA:2,50
DA:3,50
DA:4,50
DA:5,50
DA:6,1
DA:7,24
DA:8,24
DA:9,24
DA:10,1
DA:11,1
DA:12,26
DA:13,26
DA:14,26
DA:15,1
DA:16,1
DA:17,1
DA:18,1
LF:18
LH:18
BRDA:1,0,0,50
BRDA:3,1,0,48
BRDA:3,2,0,5
BRDA:3,3,0,45
BRDA:3,4,0,23
BRDA:3,5,0,22
BRDA:6,6,0,24
BRDA:11,7,0,26
BRF:8
BRH:8
end_of_record
TN:
SF:src/templates/factoryTemplate.js
FN:17,factoryTemplate
FNF:1
FNH:1
FNDA:2,factoryTemplate
DA:1,1
DA:2,1
DA:3,1
DA:4,1
DA:5,1
DA:6,1
DA:7,1
DA:8,1
DA:9,1
DA:10,1
DA:11,1
DA:12,1
DA:13,1
DA:14,1
DA:15,1
DA:16,1
DA:17,2
DA:18,2
DA:19,2
DA:20,2
DA:21,2
DA:22,2
DA:23,2
DA:24,2
DA:25,2
DA:26,2
DA:27,2
DA:28,2
DA:29,2
DA:30,1
DA:31,1
DA:32,1
DA:33,1
DA:34,1
DA:35,1
DA:36,1
DA:37,1
LF:37
LH:37
BRDA:17,0,0,2
BRF:1
BRH:1
end_of_record
TN:
SF:src/templates/index.js
FNF:0
FNH:0
DA:1,1
DA:2,1
DA:3,1
DA:4,1
DA:5,1
DA:6,1
DA:7,1
DA:8,1
DA:9,1
LF:9
LH:9
BRF:0
BRH:0
end_of_record
TN:
SF:src/templates/repositoryTemplate.js
FN:18,repositoryTemplate
FNF:1
FNH:1
FNDA:6,repositoryTemplate
DA:1,1
DA:2,1
DA:3,1
DA:4,1
DA:5,1
DA:6,1
DA:7,1
DA:8,1
DA:9,1
DA:10,1
DA:11,1
DA:12,1
DA:13,1
DA:14,1
DA:15,1
DA:16,1
DA:17,1
DA:18,6
DA:19,6
DA:20,6
DA:21,6
DA:22,6
DA:23,6
DA:24,6
DA:25,6
DA:26,6
DA:27,6
DA:28,1
DA:29,1
DA:30,1
LF:30
LH:30
BRDA:18,0,0,6
BRF:1
BRH:1
end_of_record
TN:
SF:src/templates/serviceTemplate.js
FN:22,serviceTemplate
FNF:1
FNH:1
FNDA:4,serviceTemplate
DA:1,1
DA:2,1
DA:3,1
DA:4,1
DA:5,1
DA:6,1
DA:7,1
DA:8,1
DA:9,1
DA:10,1
DA:11,1
DA:12,1
DA:13,1
DA:14,1
DA:15,1
DA:16,1
DA:17,1
DA:18,1
DA:19,1
DA:20,1
DA:21,1
DA:22,4
DA:23,4
DA:24,4
DA:25,4
DA:26,4
DA:27,4
DA:28,4
DA:29,4
DA:30,4
DA:31,4
DA:32,4
DA:33,4
DA:34,4
DA:35,1
DA:36,1
DA:37,1
DA:38,1
DA:39,1
DA:40,1
DA:41,1
DA:42,1
LF:42
LH:42
BRDA:22,0,0,4
BRF:1
BRH:1
end_of_record
